[Sat Feb 15 13:11:19 MST 2020] - INFO passoff.ServerTest: 	Setting up Persistence Test...
[Sat Feb 15 13:11:19 MST 2020] - INFO client.Proxy: 	Clear called
[Sat Feb 15 13:11:19 MST 2020] - INFO client.Client: 	Post without Request Body called
[Sat Feb 15 13:11:19 MST 2020] - INFO client.Client: 	Attempting to open connection to server
[Sat Feb 15 13:11:19 MST 2020] - INFO client.Client: 	Connection opened to server
[Sat Feb 15 13:11:19 MST 2020] - INFO client.Client: 	Setting request method to POST
[Sat Feb 15 13:11:19 MST 2020] - INFO client.Client: 	Request method set to POST
[Sat Feb 15 13:11:19 MST 2020] - INFO client.Client: 	Setting Do Output to true
[Sat Feb 15 13:11:19 MST 2020] - INFO client.Client: 	Do Output set to true
[Sat Feb 15 13:11:19 MST 2020] - INFO client.Client: 	Connecting to server
[Sat Feb 15 13:11:22 MST 2020] - INFO passoff.ServerTest: 	Setting up File Handler Default Test...
[Sat Feb 15 13:11:22 MST 2020] - INFO client.Proxy: 	Clear called
[Sat Feb 15 13:11:22 MST 2020] - INFO client.Client: 	Post without Request Body called
[Sat Feb 15 13:11:22 MST 2020] - INFO client.Client: 	Attempting to open connection to server
[Sat Feb 15 13:11:22 MST 2020] - INFO client.Client: 	Connection opened to server
[Sat Feb 15 13:11:22 MST 2020] - INFO client.Client: 	Setting request method to POST
[Sat Feb 15 13:11:22 MST 2020] - INFO client.Client: 	Request method set to POST
[Sat Feb 15 13:11:22 MST 2020] - INFO client.Client: 	Setting Do Output to true
[Sat Feb 15 13:11:22 MST 2020] - INFO client.Client: 	Do Output set to true
[Sat Feb 15 13:11:22 MST 2020] - INFO client.Client: 	Connecting to server
[Sat Feb 15 13:11:24 MST 2020] - INFO passoff.ServerTest: 	Setting up Realistic Fill Death Test...
[Sat Feb 15 13:11:24 MST 2020] - INFO client.Proxy: 	Clear called
[Sat Feb 15 13:11:24 MST 2020] - INFO client.Client: 	Post without Request Body called
[Sat Feb 15 13:11:24 MST 2020] - INFO client.Client: 	Attempting to open connection to server
[Sat Feb 15 13:11:24 MST 2020] - INFO client.Client: 	Connection opened to server
[Sat Feb 15 13:11:24 MST 2020] - INFO client.Client: 	Setting request method to POST
[Sat Feb 15 13:11:24 MST 2020] - INFO client.Client: 	Request method set to POST
[Sat Feb 15 13:11:24 MST 2020] - INFO client.Client: 	Setting Do Output to true
[Sat Feb 15 13:11:24 MST 2020] - INFO client.Client: 	Do Output set to true
[Sat Feb 15 13:11:24 MST 2020] - INFO client.Client: 	Connecting to server
[Sat Feb 15 13:11:26 MST 2020] - INFO passoff.ServerTest: 	Setting up Login Invalid User Test...
[Sat Feb 15 13:11:26 MST 2020] - INFO client.Proxy: 	Clear called
[Sat Feb 15 13:11:26 MST 2020] - INFO client.Client: 	Post without Request Body called
[Sat Feb 15 13:11:26 MST 2020] - INFO client.Client: 	Attempting to open connection to server
[Sat Feb 15 13:11:26 MST 2020] - INFO client.Client: 	Connection opened to server
[Sat Feb 15 13:11:26 MST 2020] - INFO client.Client: 	Setting request method to POST
[Sat Feb 15 13:11:26 MST 2020] - INFO client.Client: 	Request method set to POST
[Sat Feb 15 13:11:26 MST 2020] - INFO client.Client: 	Setting Do Output to true
[Sat Feb 15 13:11:26 MST 2020] - INFO client.Client: 	Do Output set to true
[Sat Feb 15 13:11:26 MST 2020] - INFO client.Client: 	Connecting to server
[Sat Feb 15 13:11:28 MST 2020] - INFO passoff.ServerTest: 	Setting up Load Valid Info Test...
[Sat Feb 15 13:11:28 MST 2020] - INFO client.Proxy: 	Clear called
[Sat Feb 15 13:11:28 MST 2020] - INFO client.Client: 	Post without Request Body called
[Sat Feb 15 13:11:28 MST 2020] - INFO client.Client: 	Attempting to open connection to server
[Sat Feb 15 13:11:28 MST 2020] - INFO client.Client: 	Connection opened to server
[Sat Feb 15 13:11:28 MST 2020] - INFO client.Client: 	Setting request method to POST
[Sat Feb 15 13:11:28 MST 2020] - INFO client.Client: 	Request method set to POST
[Sat Feb 15 13:11:28 MST 2020] - INFO client.Client: 	Setting Do Output to true
[Sat Feb 15 13:11:28 MST 2020] - INFO client.Client: 	Do Output set to true
[Sat Feb 15 13:11:28 MST 2020] - INFO client.Client: 	Connecting to server
[Sat Feb 15 13:11:30 MST 2020] - INFO passoff.ServerTest: 	Setting up Valid Fill Relationships Test...
[Sat Feb 15 13:11:30 MST 2020] - INFO client.Proxy: 	Clear called
[Sat Feb 15 13:11:30 MST 2020] - INFO client.Client: 	Post without Request Body called
[Sat Feb 15 13:11:30 MST 2020] - INFO client.Client: 	Attempting to open connection to server
[Sat Feb 15 13:11:30 MST 2020] - INFO client.Client: 	Connection opened to server
[Sat Feb 15 13:11:30 MST 2020] - INFO client.Client: 	Setting request method to POST
[Sat Feb 15 13:11:30 MST 2020] - INFO client.Client: 	Request method set to POST
[Sat Feb 15 13:11:30 MST 2020] - INFO client.Client: 	Setting Do Output to true
[Sat Feb 15 13:11:30 MST 2020] - INFO client.Client: 	Do Output set to true
[Sat Feb 15 13:11:30 MST 2020] - INFO client.Client: 	Connecting to server
[Sat Feb 15 13:11:32 MST 2020] - INFO passoff.ServerTest: 	Setting up Events Bad Auth Token Test...
[Sat Feb 15 13:11:32 MST 2020] - INFO client.Proxy: 	Clear called
[Sat Feb 15 13:11:32 MST 2020] - INFO client.Client: 	Post without Request Body called
[Sat Feb 15 13:11:32 MST 2020] - INFO client.Client: 	Attempting to open connection to server
[Sat Feb 15 13:11:32 MST 2020] - INFO client.Client: 	Connection opened to server
[Sat Feb 15 13:11:32 MST 2020] - INFO client.Client: 	Setting request method to POST
[Sat Feb 15 13:11:32 MST 2020] - INFO client.Client: 	Request method set to POST
[Sat Feb 15 13:11:32 MST 2020] - INFO client.Client: 	Setting Do Output to true
[Sat Feb 15 13:11:32 MST 2020] - INFO client.Client: 	Do Output set to true
[Sat Feb 15 13:11:32 MST 2020] - INFO client.Client: 	Connecting to server
[Sat Feb 15 13:11:34 MST 2020] - INFO passoff.ServerTest: 	Setting up Clear Test...
[Sat Feb 15 13:11:34 MST 2020] - INFO client.Proxy: 	Clear called
[Sat Feb 15 13:11:34 MST 2020] - INFO client.Client: 	Post without Request Body called
[Sat Feb 15 13:11:34 MST 2020] - INFO client.Client: 	Attempting to open connection to server
[Sat Feb 15 13:11:34 MST 2020] - INFO client.Client: 	Connection opened to server
[Sat Feb 15 13:11:34 MST 2020] - INFO client.Client: 	Setting request method to POST
[Sat Feb 15 13:11:34 MST 2020] - INFO client.Client: 	Request method set to POST
[Sat Feb 15 13:11:34 MST 2020] - INFO client.Client: 	Setting Do Output to true
[Sat Feb 15 13:11:34 MST 2020] - INFO client.Client: 	Do Output set to true
[Sat Feb 15 13:11:34 MST 2020] - INFO client.Client: 	Connecting to server
[Sat Feb 15 13:11:36 MST 2020] - INFO passoff.ServerTest: 	Setting up Event Bad Auth Token Test...
[Sat Feb 15 13:11:36 MST 2020] - INFO client.Proxy: 	Clear called
[Sat Feb 15 13:11:36 MST 2020] - INFO client.Client: 	Post without Request Body called
[Sat Feb 15 13:11:36 MST 2020] - INFO client.Client: 	Attempting to open connection to server
[Sat Feb 15 13:11:36 MST 2020] - INFO client.Client: 	Connection opened to server
[Sat Feb 15 13:11:36 MST 2020] - INFO client.Client: 	Setting request method to POST
[Sat Feb 15 13:11:36 MST 2020] - INFO client.Client: 	Request method set to POST
[Sat Feb 15 13:11:36 MST 2020] - INFO client.Client: 	Setting Do Output to true
[Sat Feb 15 13:11:36 MST 2020] - INFO client.Client: 	Do Output set to true
[Sat Feb 15 13:11:36 MST 2020] - INFO client.Client: 	Connecting to server
[Sat Feb 15 13:11:38 MST 2020] - INFO passoff.ServerTest: 	Setting up Realistic Fill Marriage Test...
[Sat Feb 15 13:11:38 MST 2020] - INFO client.Proxy: 	Clear called
[Sat Feb 15 13:11:38 MST 2020] - INFO client.Client: 	Post without Request Body called
[Sat Feb 15 13:11:38 MST 2020] - INFO client.Client: 	Attempting to open connection to server
[Sat Feb 15 13:11:38 MST 2020] - INFO client.Client: 	Connection opened to server
[Sat Feb 15 13:11:38 MST 2020] - INFO client.Client: 	Setting request method to POST
[Sat Feb 15 13:11:38 MST 2020] - INFO client.Client: 	Request method set to POST
[Sat Feb 15 13:11:38 MST 2020] - INFO client.Client: 	Setting Do Output to true
[Sat Feb 15 13:11:38 MST 2020] - INFO client.Client: 	Do Output set to true
[Sat Feb 15 13:11:38 MST 2020] - INFO client.Client: 	Connecting to server
[Sat Feb 15 13:11:40 MST 2020] - INFO passoff.ServerTest: 	Setting up Person Wrong User Test...
[Sat Feb 15 13:11:40 MST 2020] - INFO client.Proxy: 	Clear called
[Sat Feb 15 13:11:40 MST 2020] - INFO client.Client: 	Post without Request Body called
[Sat Feb 15 13:11:40 MST 2020] - INFO client.Client: 	Attempting to open connection to server
[Sat Feb 15 13:11:40 MST 2020] - INFO client.Client: 	Connection opened to server
[Sat Feb 15 13:11:40 MST 2020] - INFO client.Client: 	Setting request method to POST
[Sat Feb 15 13:11:40 MST 2020] - INFO client.Client: 	Request method set to POST
[Sat Feb 15 13:11:40 MST 2020] - INFO client.Client: 	Setting Do Output to true
[Sat Feb 15 13:11:40 MST 2020] - INFO client.Client: 	Do Output set to true
[Sat Feb 15 13:11:40 MST 2020] - INFO client.Client: 	Connecting to server
[Sat Feb 15 13:11:42 MST 2020] - INFO passoff.ServerTest: 	Setting up Person Bad Auth Token Test...
[Sat Feb 15 13:11:42 MST 2020] - INFO client.Proxy: 	Clear called
[Sat Feb 15 13:11:42 MST 2020] - INFO client.Client: 	Post without Request Body called
[Sat Feb 15 13:11:42 MST 2020] - INFO client.Client: 	Attempting to open connection to server
[Sat Feb 15 13:11:42 MST 2020] - INFO client.Client: 	Connection opened to server
[Sat Feb 15 13:11:42 MST 2020] - INFO client.Client: 	Setting request method to POST
[Sat Feb 15 13:11:42 MST 2020] - INFO client.Client: 	Request method set to POST
[Sat Feb 15 13:11:42 MST 2020] - INFO client.Client: 	Setting Do Output to true
[Sat Feb 15 13:11:42 MST 2020] - INFO client.Client: 	Do Output set to true
[Sat Feb 15 13:11:42 MST 2020] - INFO client.Client: 	Connecting to server
[Sat Feb 15 13:11:44 MST 2020] - INFO passoff.ServerTest: 	Setting up Event Valid Test...
[Sat Feb 15 13:11:44 MST 2020] - INFO client.Proxy: 	Clear called
[Sat Feb 15 13:11:44 MST 2020] - INFO client.Client: 	Post without Request Body called
[Sat Feb 15 13:11:44 MST 2020] - INFO client.Client: 	Attempting to open connection to server
[Sat Feb 15 13:11:44 MST 2020] - INFO client.Client: 	Connection opened to server
[Sat Feb 15 13:11:44 MST 2020] - INFO client.Client: 	Setting request method to POST
[Sat Feb 15 13:11:44 MST 2020] - INFO client.Client: 	Request method set to POST
[Sat Feb 15 13:11:44 MST 2020] - INFO client.Client: 	Setting Do Output to true
[Sat Feb 15 13:11:44 MST 2020] - INFO client.Client: 	Do Output set to true
[Sat Feb 15 13:11:44 MST 2020] - INFO client.Client: 	Connecting to server
[Sat Feb 15 13:11:46 MST 2020] - INFO passoff.ServerTest: 	Setting up Fill 2 Valid Test...
[Sat Feb 15 13:11:46 MST 2020] - INFO client.Proxy: 	Clear called
[Sat Feb 15 13:11:46 MST 2020] - INFO client.Client: 	Post without Request Body called
[Sat Feb 15 13:11:46 MST 2020] - INFO client.Client: 	Attempting to open connection to server
[Sat Feb 15 13:11:46 MST 2020] - INFO client.Client: 	Connection opened to server
[Sat Feb 15 13:11:46 MST 2020] - INFO client.Client: 	Setting request method to POST
[Sat Feb 15 13:11:46 MST 2020] - INFO client.Client: 	Request method set to POST
[Sat Feb 15 13:11:46 MST 2020] - INFO client.Client: 	Setting Do Output to true
[Sat Feb 15 13:11:46 MST 2020] - INFO client.Client: 	Do Output set to true
[Sat Feb 15 13:11:46 MST 2020] - INFO client.Client: 	Connecting to server
[Sat Feb 15 13:11:48 MST 2020] - INFO passoff.ServerTest: 	Setting up Fill 4 Valid Test...
[Sat Feb 15 13:11:48 MST 2020] - INFO client.Proxy: 	Clear called
[Sat Feb 15 13:11:48 MST 2020] - INFO client.Client: 	Post without Request Body called
[Sat Feb 15 13:11:48 MST 2020] - INFO client.Client: 	Attempting to open connection to server
[Sat Feb 15 13:11:48 MST 2020] - INFO client.Client: 	Connection opened to server
[Sat Feb 15 13:11:48 MST 2020] - INFO client.Client: 	Setting request method to POST
[Sat Feb 15 13:11:48 MST 2020] - INFO client.Client: 	Request method set to POST
[Sat Feb 15 13:11:48 MST 2020] - INFO client.Client: 	Setting Do Output to true
[Sat Feb 15 13:11:48 MST 2020] - INFO client.Client: 	Do Output set to true
[Sat Feb 15 13:11:48 MST 2020] - INFO client.Client: 	Connecting to server
[Sat Feb 15 13:11:50 MST 2020] - INFO passoff.ServerTest: 	Setting up Fill 5 Valid Test...
[Sat Feb 15 13:11:50 MST 2020] - INFO client.Proxy: 	Clear called
[Sat Feb 15 13:11:50 MST 2020] - INFO client.Client: 	Post without Request Body called
[Sat Feb 15 13:11:50 MST 2020] - INFO client.Client: 	Attempting to open connection to server
[Sat Feb 15 13:11:50 MST 2020] - INFO client.Client: 	Connection opened to server
[Sat Feb 15 13:11:50 MST 2020] - INFO client.Client: 	Setting request method to POST
[Sat Feb 15 13:11:50 MST 2020] - INFO client.Client: 	Request method set to POST
[Sat Feb 15 13:11:50 MST 2020] - INFO client.Client: 	Setting Do Output to true
[Sat Feb 15 13:11:50 MST 2020] - INFO client.Client: 	Do Output set to true
[Sat Feb 15 13:11:50 MST 2020] - INFO client.Client: 	Connecting to server
[Sat Feb 15 13:11:52 MST 2020] - INFO passoff.ServerTest: 	Setting up Persons Valid Test...
[Sat Feb 15 13:11:52 MST 2020] - INFO client.Proxy: 	Clear called
[Sat Feb 15 13:11:52 MST 2020] - INFO client.Client: 	Post without Request Body called
[Sat Feb 15 13:11:52 MST 2020] - INFO client.Client: 	Attempting to open connection to server
[Sat Feb 15 13:11:52 MST 2020] - INFO client.Client: 	Connection opened to server
[Sat Feb 15 13:11:52 MST 2020] - INFO client.Client: 	Setting request method to POST
[Sat Feb 15 13:11:52 MST 2020] - INFO client.Client: 	Request method set to POST
[Sat Feb 15 13:11:52 MST 2020] - INFO client.Client: 	Setting Do Output to true
[Sat Feb 15 13:11:52 MST 2020] - INFO client.Client: 	Do Output set to true
[Sat Feb 15 13:11:52 MST 2020] - INFO client.Client: 	Connecting to server
[Sat Feb 15 13:11:54 MST 2020] - INFO passoff.ServerTest: 	Setting up Load Valid Test...
[Sat Feb 15 13:11:54 MST 2020] - INFO client.Proxy: 	Clear called
[Sat Feb 15 13:11:54 MST 2020] - INFO client.Client: 	Post without Request Body called
[Sat Feb 15 13:11:54 MST 2020] - INFO client.Client: 	Attempting to open connection to server
[Sat Feb 15 13:11:54 MST 2020] - INFO client.Client: 	Connection opened to server
[Sat Feb 15 13:11:54 MST 2020] - INFO client.Client: 	Setting request method to POST
[Sat Feb 15 13:11:54 MST 2020] - INFO client.Client: 	Request method set to POST
[Sat Feb 15 13:11:54 MST 2020] - INFO client.Client: 	Setting Do Output to true
[Sat Feb 15 13:11:54 MST 2020] - INFO client.Client: 	Do Output set to true
[Sat Feb 15 13:11:54 MST 2020] - INFO client.Client: 	Connecting to server
[Sat Feb 15 13:11:56 MST 2020] - INFO passoff.ServerTest: 	Setting up Re-Register User Test...
[Sat Feb 15 13:11:56 MST 2020] - INFO client.Proxy: 	Clear called
[Sat Feb 15 13:11:56 MST 2020] - INFO client.Client: 	Post without Request Body called
[Sat Feb 15 13:11:56 MST 2020] - INFO client.Client: 	Attempting to open connection to server
[Sat Feb 15 13:11:56 MST 2020] - INFO client.Client: 	Connection opened to server
[Sat Feb 15 13:11:56 MST 2020] - INFO client.Client: 	Setting request method to POST
[Sat Feb 15 13:11:56 MST 2020] - INFO client.Client: 	Request method set to POST
[Sat Feb 15 13:11:56 MST 2020] - INFO client.Client: 	Setting Do Output to true
[Sat Feb 15 13:11:56 MST 2020] - INFO client.Client: 	Do Output set to true
[Sat Feb 15 13:11:56 MST 2020] - INFO client.Client: 	Connecting to server
